2024-10-30 04:45:36,755 [INFO] Activator:176 - 


2024-10-30 04:45:36,755 [INFO] Activator:177 - !SESSION log4j initialized
2024-10-30 04:45:38,559 [INFO] LogOutputStream:77 - [STDOUT_REDIRECT] 
2024-10-30 04:45:40,069 [INFO] ApplicationProperties:184 - Using Application install path: C:\ST\STM32CubeIDE_1.16.1\STM32CubeIDE\plugins\com.st.stm32cube.common.mx_6.12.1.202409122256
2024-10-30 04:45:40,090 [INFO] DbMcusXml:78 - Set database path to: C:\ST\STM32CubeIDE_1.16.1\STM32CubeIDE\plugins\com.st.stm32cube.common.mx_6.12.1.202409122256\\db\/mcu/
2024-10-30 04:45:40,090 [INFO] ApiDb:274 - Set plugin database path to: C:\ST\STM32CubeIDE_1.16.1\STM32CubeIDE\plugins\com.st.stm32cube.common.mx_6.12.1.202409122256\\db\/plugins/boardmanager/
2024-10-30 04:45:40,091 [WARN] ApiDb:259 - Overriding images path with different value:  => C:\ST\STM32CubeIDE_1.16.1\STM32CubeIDE\plugins\com.st.stm32cube.common.mx_6.12.1.202409122256\\db\/plugins/mcufinder/images/
2024-10-30 04:45:40,097 [INFO] ApiDb:250 - Set database path to: C:\Users\Chellapandi\.stmcufinder\plugins\mcufinder//mcu/
2024-10-30 04:45:40,098 [INFO] DbMcusAds:125 - Set database path to: C:\Users\Chellapandi\.stmcufinder\plugins\mcufinder//mcu/
2024-10-30 04:45:40,100 [INFO] CrossReferenceDbSqlite:203 - Set database path to: C:\Users\Chellapandi\.stmcufinder\plugins\mcufinder//mcu/cs/
2024-10-30 04:45:40,189 [INFO] RulesReader:64 - Compatibility file has been processed (297 Rules)
2024-10-30 04:45:40,274 [INFO] DbMcusXml:78 - Set database path to: C:\ST\STM32CubeIDE_1.16.1\STM32CubeIDE\plugins\com.st.stm32cube.common.mx_6.12.1.202409122256\\db\/mcu/
2024-10-30 04:45:40,274 [INFO] ApiDb:274 - Set plugin database path to: C:\ST\STM32CubeIDE_1.16.1\STM32CubeIDE\plugins\com.st.stm32cube.common.mx_6.12.1.202409122256\\db\/plugins/boardmanager/
2024-10-30 04:45:40,274 [INFO] ApiDb:261 - Set plugin images path to: C:\ST\STM32CubeIDE_1.16.1\STM32CubeIDE\plugins\com.st.stm32cube.common.mx_6.12.1.202409122256\\db\/plugins/mcufinder/images/
2024-10-30 04:45:40,274 [WARN] DbFile:41 - Overriding database path with different value: C:\Users\Chellapandi\.stmcufinder\plugins\mcufinder/ => C:\Users\Chellapandi\.stmcufinder\plugins\mcufinder
2024-10-30 04:45:40,275 [INFO] ApiDb:250 - Set database path to: C:\Users\Chellapandi\.stmcufinder\plugins\mcufinder//mcu/
2024-10-30 04:45:40,275 [WARN] DbFile:41 - Overriding database path with different value: C:\Users\Chellapandi\.stmcufinder\plugins\mcufinder/ => C:\Users\Chellapandi\.stmcufinder\plugins\mcufinder
2024-10-30 04:45:40,275 [INFO] DbMcusAds:125 - Set database path to: C:\Users\Chellapandi\.stmcufinder\plugins\mcufinder//mcu/
2024-10-30 04:45:40,275 [WARN] DbFile:41 - Overriding database path with different value: C:\Users\Chellapandi\.stmcufinder\plugins\mcufinder/ => C:\Users\Chellapandi\.stmcufinder\plugins\mcufinder
2024-10-30 04:45:40,275 [WARN] DbFile:41 - Overriding database path with different value: C:\Users\Chellapandi\.stmcufinder\plugins\mcufinder/ => C:\Users\Chellapandi\.stmcufinder\plugins\mcufinder
2024-10-30 04:45:40,275 [INFO] CrossReferenceDbSqlite:203 - Set database path to: C:\Users\Chellapandi\.stmcufinder\plugins\mcufinder//mcu/cs/
2024-10-30 04:45:40,343 [INFO] MainPanel:268 - HeapMemory: 268435456
2024-10-30 04:45:40,403 [INFO] DbMcusXml:78 - Set database path to: C:\ST\STM32CubeIDE_1.16.1\STM32CubeIDE\plugins\com.st.stm32cube.common.mx_6.12.1.202409122256\\db\/mcu/
2024-10-30 04:45:40,403 [INFO] ApiDb:274 - Set plugin database path to: C:\ST\STM32CubeIDE_1.16.1\STM32CubeIDE\plugins\com.st.stm32cube.common.mx_6.12.1.202409122256\\db\/plugins/boardmanager/
2024-10-30 04:45:40,403 [INFO] ApiDb:261 - Set plugin images path to: C:\ST\STM32CubeIDE_1.16.1\STM32CubeIDE\plugins\com.st.stm32cube.common.mx_6.12.1.202409122256\\db\/plugins/mcufinder/images/
2024-10-30 04:45:40,403 [WARN] DbFile:41 - Overriding database path with different value: C:\Users\Chellapandi\.stmcufinder\plugins\mcufinder/ => C:\Users\Chellapandi\.stmcufinder\plugins\mcufinder
2024-10-30 04:45:40,403 [INFO] ApiDb:250 - Set database path to: C:\Users\Chellapandi\.stmcufinder\plugins\mcufinder//mcu/
2024-10-30 04:45:40,403 [WARN] DbFile:41 - Overriding database path with different value: C:\Users\Chellapandi\.stmcufinder\plugins\mcufinder/ => C:\Users\Chellapandi\.stmcufinder\plugins\mcufinder
2024-10-30 04:45:40,403 [INFO] DbMcusAds:125 - Set database path to: C:\Users\Chellapandi\.stmcufinder\plugins\mcufinder//mcu/
2024-10-30 04:45:40,403 [WARN] DbFile:41 - Overriding database path with different value: C:\Users\Chellapandi\.stmcufinder\plugins\mcufinder/ => C:\Users\Chellapandi\.stmcufinder\plugins\mcufinder
2024-10-30 04:45:40,404 [WARN] DbFile:41 - Overriding database path with different value: C:\Users\Chellapandi\.stmcufinder\plugins\mcufinder/ => C:\Users\Chellapandi\.stmcufinder\plugins\mcufinder
2024-10-30 04:45:40,404 [INFO] CrossReferenceDbSqlite:203 - Set database path to: C:\Users\Chellapandi\.stmcufinder\plugins\mcufinder//mcu/cs/
2024-10-30 04:45:40,418 [INFO] ApplicationProperties:184 - Using Application install path: C:\ST\STM32CubeIDE_1.16.1\STM32CubeIDE\plugins\com.st.stm32cube.common.mx_6.12.1.202409122256
2024-10-30 04:45:40,419 [INFO] PluginManage:196 - Search for loadable plugins [exclusion list=, ]
2024-10-30 04:45:40,420 [INFO] PluginManage:310 - Check plugin analytics
2024-10-30 04:45:40,564 [INFO] AnalyticsPlugin:253 - Accepted Software Licenses: 
2024-10-30 04:45:40,564 [INFO] AnalyticsPlugin:255 - Accepted CMSIS Pack Licenses: 
2024-10-30 04:45:40,564 [INFO] AnalyticsPlugin:257 - Accepted Firmware Licenses: FW.L4.1.18.0,FW.F4.1.28.0
2024-10-30 04:45:40,566 [INFO] PluginManage:359 - Loaded plugin analytics (category:tool,tabindex:-1)
2024-10-30 04:45:40,566 [INFO] PluginManage:310 - Check plugin cadmodel
2024-10-30 04:45:40,570 [INFO] CADModel:105 - Init CAD model plugin
2024-10-30 04:45:40,570 [INFO] PluginManage:359 - Loaded plugin cadmodel (category:power,tabindex:5)
2024-10-30 04:45:40,571 [INFO] PluginManage:310 - Check plugin clock
2024-10-30 04:45:40,577 [INFO] PluginManage:359 - Loaded plugin clock (category:base,tabindex:2)
2024-10-30 04:45:40,578 [INFO] PluginManage:310 - Check plugin ddr
2024-10-30 04:45:40,579 [INFO] PluginManage:359 - Loaded plugin ddr (category:tool,tabindex:6)
2024-10-30 04:45:40,580 [INFO] PluginManage:310 - Check plugin filemanager
2024-10-30 04:45:40,710 [INFO] PluginManage:359 - Loaded plugin filemanager (category:base,tabindex:10)
2024-10-30 04:45:40,710 [INFO] PluginManage:310 - Check plugin ipmanager
2024-10-30 04:45:40,717 [INFO] PluginManage:359 - Loaded plugin ipmanager (category:base,tabindex:5)
2024-10-30 04:45:40,718 [INFO] PluginManage:310 - Check plugin lpbam
2024-10-30 04:45:40,723 [INFO] PluginManage:359 - Loaded plugin lpbam (category:base,tabindex:0)
2024-10-30 04:45:40,723 [INFO] PluginManage:310 - Check plugin memorymap
2024-10-30 04:45:40,732 [INFO] PluginManage:359 - Loaded plugin memorymap (category:base,tabindex:4)
2024-10-30 04:45:40,732 [INFO] PluginManage:310 - Check plugin pinoutandconfiguration
2024-10-30 04:45:40,738 [INFO] PluginManage:359 - Loaded plugin pinoutandconfiguration (category:base,tabindex:1)
2024-10-30 04:45:40,738 [INFO] PluginManage:310 - Check plugin pinoutconfig
2024-10-30 04:45:40,799 [WARN] SupportedApi:132 - Cannot load RTOS API schema: s4s-elt-must-match.1: The content of 'definitions' must match (annotation?, (simpleType | complexType)?, (unique | key | keyref)*)). A problem was found starting at: attribute.
2024-10-30 04:45:40,937 [INFO] PluginManage:359 - Loaded plugin pinoutconfig (category:base,tabindex:0)
2024-10-30 04:45:40,937 [INFO] PluginManage:310 - Check plugin power
2024-10-30 04:45:40,943 [INFO] PluginManage:359 - Loaded plugin power (category:power,tabindex:4)
2024-10-30 04:45:40,943 [INFO] PluginManage:310 - Check plugin projectmanager
2024-10-30 04:45:40,956 [INFO] PluginManage:359 - Loaded plugin projectmanager (category:projectmanager,tabindex:4)
2024-10-30 04:45:40,956 [INFO] PluginManage:310 - Check plugin rif
2024-10-30 04:45:40,959 [INFO] PluginManage:359 - Loaded plugin rif (category:base,tabindex:3)
2024-10-30 04:45:40,959 [INFO] PluginManage:310 - Check plugin thirdparty
2024-10-30 04:45:41,040 [INFO] PluginManage:359 - Loaded plugin thirdparty (category:base,tabindex:-1)
2024-10-30 04:45:41,040 [INFO] PluginManage:310 - Check plugin tools
2024-10-30 04:45:41,040 [WARN] IntegrityCheckThread:84 - waiting for thirdparty lock release [integrity check]
2024-10-30 04:45:41,040 [INFO] IntegrityCheckThread:86 - entering critical section [integrity check]
2024-10-30 04:45:41,041 [INFO] ThirdPartyUpdaterWithRetryManager:70 - Updater plugin not ready yet. [1/15]
2024-10-30 04:45:41,044 [INFO] PluginManage:359 - Loaded plugin tools (category:base,tabindex:7)
2024-10-30 04:45:41,044 [INFO] PluginManage:310 - Check plugin tutovideos
2024-10-30 04:45:41,172 [INFO] PluginManage:359 - Loaded plugin tutovideos (category:base,tabindex:-1)
2024-10-30 04:45:41,172 [INFO] PluginManage:310 - Check plugin updater
2024-10-30 04:45:41,183 [INFO] PluginManage:359 - Loaded plugin updater (category:base,tabindex:12)
2024-10-30 04:45:41,183 [INFO] PluginManage:310 - Check plugin userauth
2024-10-30 04:45:41,187 [INFO] UserAuth:113 - Init User Auth plugin
2024-10-30 04:45:41,187 [INFO] PluginManage:359 - Loaded plugin userauth (category:base,tabindex:14)
2024-10-30 04:45:41,188 [INFO] PluginManage:283 - PluginManage : Loaded plugins [18]
2024-10-30 04:45:41,353 [INFO] PinOutPanel:1561 - setPackage(No Configuration,No Configuration)
2024-10-30 04:45:41,428 [INFO] CADModel:165 - CPN selected for project level
2024-10-30 04:45:41,428 [INFO] CADModel:114 - Register for checkConnection events
2024-10-30 04:45:41,437 [INFO] IPUIPlugin:80 - create IPUIPlugin
2024-10-30 04:45:41,437 [INFO] PluginManager:220 - loadIPPluginJar : add adc
2024-10-30 04:45:41,439 [INFO] IPUIPlugin:80 - create IPUIPlugin
2024-10-30 04:45:41,439 [INFO] PluginManager:220 - loadIPPluginJar : add aes
2024-10-30 04:45:41,440 [INFO] IPUIPlugin:80 - create IPUIPlugin
2024-10-30 04:45:41,441 [INFO] PluginManager:220 - loadIPPluginJar : add can
2024-10-30 04:45:41,442 [INFO] IPUIPlugin:80 - create IPUIPlugin
2024-10-30 04:45:41,442 [INFO] PluginManager:220 - loadIPPluginJar : add comp
2024-10-30 04:45:41,443 [INFO] IPUIPlugin:80 - create IPUIPlugin
2024-10-30 04:45:41,443 [INFO] PluginManager:220 - loadIPPluginJar : add cryp
2024-10-30 04:45:41,444 [INFO] IPUIPlugin:80 - create IPUIPlugin
2024-10-30 04:45:41,444 [INFO] PluginManager:220 - loadIPPluginJar : add ddr_ctrl_phy
2024-10-30 04:45:41,446 [INFO] IPUIPlugin:80 - create IPUIPlugin
2024-10-30 04:45:41,446 [INFO] PluginManager:220 - loadIPPluginJar : add dfsdm
2024-10-30 04:45:41,449 [INFO] IPUIPlugin:80 - create IPUIPlugin
2024-10-30 04:45:41,449 [INFO] PluginManager:220 - loadIPPluginJar : add dma
2024-10-30 04:45:41,450 [INFO] IPUIPlugin:80 - create IPUIPlugin
2024-10-30 04:45:41,450 [INFO] PluginManager:220 - loadIPPluginJar : add dma3
2024-10-30 04:45:41,452 [INFO] IPUIPlugin:80 - create IPUIPlugin
2024-10-30 04:45:41,452 [INFO] PluginManager:220 - loadIPPluginJar : add extmemmanager
2024-10-30 04:45:41,453 [INFO] IPUIPlugin:80 - create IPUIPlugin
2024-10-30 04:45:41,453 [INFO] PluginManager:220 - loadIPPluginJar : add fatfs
2024-10-30 04:45:41,456 [INFO] IPUIPlugin:80 - create IPUIPlugin
2024-10-30 04:45:41,456 [INFO] PluginManager:220 - loadIPPluginJar : add fmc
2024-10-30 04:45:41,459 [INFO] IPUIPlugin:80 - create IPUIPlugin
2024-10-30 04:45:41,459 [INFO] PluginManager:220 - loadIPPluginJar : add freertos
2024-10-30 04:45:41,460 [INFO] IPUIPlugin:80 - create IPUIPlugin
2024-10-30 04:45:41,460 [INFO] PluginManager:220 - loadIPPluginJar : add genericplugin
2024-10-30 04:45:41,461 [INFO] IPUIPlugin:80 - create IPUIPlugin
2024-10-30 04:45:41,461 [INFO] PluginManager:220 - loadIPPluginJar : add gfxmmu
2024-10-30 04:45:41,464 [INFO] IPUIPlugin:80 - create IPUIPlugin
2024-10-30 04:45:41,464 [INFO] PluginManager:220 - loadIPPluginJar : add gic
2024-10-30 04:45:41,466 [INFO] IPUIPlugin:80 - create IPUIPlugin
2024-10-30 04:45:41,466 [INFO] PluginManager:220 - loadIPPluginJar : add gpio
2024-10-30 04:45:41,467 [INFO] IPUIPlugin:80 - create IPUIPlugin
2024-10-30 04:45:41,468 [INFO] PluginManager:220 - loadIPPluginJar : add gtzc
2024-10-30 04:45:41,469 [INFO] IPUIPlugin:80 - create IPUIPlugin
2024-10-30 04:45:41,469 [INFO] PluginManager:220 - loadIPPluginJar : add hash
2024-10-30 04:45:41,470 [INFO] IPUIPlugin:80 - create IPUIPlugin
2024-10-30 04:45:41,470 [INFO] PluginManager:220 - loadIPPluginJar : add i2c
2024-10-30 04:45:41,472 [INFO] IPUIPlugin:80 - create IPUIPlugin
2024-10-30 04:45:41,472 [INFO] PluginManager:220 - loadIPPluginJar : add i2s
2024-10-30 04:45:41,474 [INFO] IPUIPlugin:80 - create IPUIPlugin
2024-10-30 04:45:41,474 [INFO] PluginManager:220 - loadIPPluginJar : add i3c
2024-10-30 04:45:41,477 [INFO] IPUIPlugin:80 - create IPUIPlugin
2024-10-30 04:45:41,477 [INFO] PluginManager:220 - loadIPPluginJar : add ipddr
2024-10-30 04:45:41,482 [INFO] IPUIPlugin:80 - create IPUIPlugin
2024-10-30 04:45:41,482 [INFO] PluginManager:220 - loadIPPluginJar : add linkedlist
2024-10-30 04:45:41,484 [INFO] IPUIPlugin:80 - create IPUIPlugin
2024-10-30 04:45:41,485 [INFO] PluginManager:220 - loadIPPluginJar : add lorawan
2024-10-30 04:45:41,485 [INFO] IPUIPlugin:80 - create IPUIPlugin
2024-10-30 04:45:41,485 [INFO] PluginManager:220 - loadIPPluginJar : add ltdc
2024-10-30 04:45:41,489 [INFO] IPUIPlugin:80 - create IPUIPlugin
2024-10-30 04:45:41,489 [INFO] PluginManager:220 - loadIPPluginJar : add mdma
2024-10-30 04:45:41,490 [INFO] IPUIPlugin:80 - create IPUIPlugin
2024-10-30 04:45:41,490 [INFO] PluginManager:220 - loadIPPluginJar : add nvic
2024-10-30 04:45:41,492 [INFO] IPUIPlugin:80 - create IPUIPlugin
2024-10-30 04:45:41,492 [INFO] PluginManager:220 - loadIPPluginJar : add opamp
2024-10-30 04:45:41,495 [INFO] IPUIPlugin:80 - create IPUIPlugin
2024-10-30 04:45:41,495 [INFO] PluginManager:220 - loadIPPluginJar : add openamp
2024-10-30 04:45:41,497 [INFO] IPUIPlugin:80 - create IPUIPlugin
2024-10-30 04:45:41,497 [INFO] PluginManager:220 - loadIPPluginJar : add pdm2pcm
2024-10-30 04:45:41,500 [INFO] IPUIPlugin:80 - create IPUIPlugin
2024-10-30 04:45:41,502 [INFO] PluginManager:220 - loadIPPluginJar : add plateformsettings
2024-10-30 04:45:41,504 [INFO] IPUIPlugin:80 - create IPUIPlugin
2024-10-30 04:45:41,504 [INFO] PluginManager:220 - loadIPPluginJar : add quadspi
2024-10-30 04:45:41,506 [INFO] IPUIPlugin:80 - create IPUIPlugin
2024-10-30 04:45:41,506 [INFO] PluginManager:220 - loadIPPluginJar : add radio
2024-10-30 04:45:41,509 [INFO] IPUIPlugin:80 - create IPUIPlugin
2024-10-30 04:45:41,509 [INFO] PluginManager:220 - loadIPPluginJar : add resmgrutility
2024-10-30 04:45:41,511 [INFO] IPUIPlugin:80 - create IPUIPlugin
2024-10-30 04:45:41,511 [INFO] PluginManager:220 - loadIPPluginJar : add sai
2024-10-30 04:45:41,512 [INFO] IPUIPlugin:80 - create IPUIPlugin
2024-10-30 04:45:41,512 [INFO] PluginManager:220 - loadIPPluginJar : add spi
2024-10-30 04:45:41,516 [INFO] IPUIPlugin:80 - create IPUIPlugin
2024-10-30 04:45:41,516 [INFO] PluginManager:220 - loadIPPluginJar : add stm32_wpan
2024-10-30 04:45:41,517 [INFO] IPUIPlugin:80 - create IPUIPlugin
2024-10-30 04:45:41,517 [INFO] PluginManager:220 - loadIPPluginJar : add tim
2024-10-30 04:45:41,520 [INFO] IPUIPlugin:80 - create IPUIPlugin
2024-10-30 04:45:41,520 [INFO] PluginManager:220 - loadIPPluginJar : add touchsensing
2024-10-30 04:45:41,521 [INFO] IPUIPlugin:80 - create IPUIPlugin
2024-10-30 04:45:41,521 [INFO] PluginManager:220 - loadIPPluginJar : add tracer_emb
2024-10-30 04:45:41,522 [INFO] IPUIPlugin:80 - create IPUIPlugin
2024-10-30 04:45:41,522 [INFO] PluginManager:220 - loadIPPluginJar : add ts
2024-10-30 04:45:41,523 [INFO] IPUIPlugin:80 - create IPUIPlugin
2024-10-30 04:45:41,523 [INFO] PluginManager:220 - loadIPPluginJar : add tsc
2024-10-30 04:45:41,525 [INFO] IPUIPlugin:80 - create IPUIPlugin
2024-10-30 04:45:41,525 [INFO] PluginManager:220 - loadIPPluginJar : add ucpd
2024-10-30 04:45:41,527 [INFO] IPUIPlugin:80 - create IPUIPlugin
2024-10-30 04:45:41,527 [INFO] PluginManager:220 - loadIPPluginJar : add usart
2024-10-30 04:45:41,528 [INFO] IPUIPlugin:80 - create IPUIPlugin
2024-10-30 04:45:41,529 [INFO] PluginManager:220 - loadIPPluginJar : add usbx
2024-10-30 04:45:41,649 [INFO] CADModel:165 - CPN selected for project level
2024-10-30 04:45:41,649 [INFO] CADModel:114 - Register for checkConnection events
2024-10-30 04:45:41,649 [FATAL] Updater:334 - Updater called before beeing initialized
2024-10-30 04:45:41,649 [ERROR] CADModel:125 - Updater not yet initialized, retry later 
2024-10-30 04:45:41,748 [INFO] CADModel:165 - CPN selected for project level
2024-10-30 04:45:41,748 [INFO] CADModel:114 - Register for checkConnection events
2024-10-30 04:45:41,748 [FATAL] Updater:334 - Updater called before beeing initialized
2024-10-30 04:45:41,748 [ERROR] CADModel:125 - Updater not yet initialized, retry later 
2024-10-30 04:45:41,751 [FATAL] Updater:334 - Updater called before beeing initialized
2024-10-30 04:45:41,845 [FATAL] Updater:334 - Updater called before beeing initialized
2024-10-30 04:45:41,848 [INFO] DbMcusAds:53 - JSON generation date=Fri Sep 20 18:34:38 IST 2024 (1726837478367)
2024-10-30 04:45:41,849 [FATAL] Updater:334 - Updater called before beeing initialized
2024-10-30 04:45:41,877 [WARN] DetailPanel:346 - Failed to get advertising image, set to default
2024-10-30 04:45:41,958 [FATAL] Updater:334 - Updater called before beeing initialized
2024-10-30 04:45:41,959 [FATAL] Updater:334 - Updater called before beeing initialized
2024-10-30 04:45:41,960 [FATAL] Updater:334 - Updater called before beeing initialized
2024-10-30 04:45:41,960 [WARN] DetailPanel:346 - Failed to get advertising image, set to default
2024-10-30 04:45:41,961 [FATAL] Updater:334 - Updater called before beeing initialized
2024-10-30 04:45:41,999 [ERROR] Updater:1164 - MainUpdater not yet initialized. External WinMGr cannot be set.
2024-10-30 04:45:42,001 [INFO] Updater:1100 - Updater Version found : 6.12.1
2024-10-30 04:45:42,014 [INFO] ApplicationProperties:184 - Using Application install path: C:\ST\STM32CubeIDE_1.16.1\STM32CubeIDE\plugins\com.st.stm32cube.common.mx_6.12.1.202409122256
2024-10-30 04:45:43,588 [ERROR] LogOutputStream:75 - [STDERR_REDIRECT] Oct 30, 2024 4:45:43 AM java.util.prefs.WindowsPreferences <init>
2024-10-30 04:45:43,589 [ERROR] LogOutputStream:75 - [STDERR_REDIRECT] WARNING: Could not open/create prefs root node Software\JavaSoft\Prefs at root 0xffffffff80000002. Windows RegCreateKeyEx(...) returned error code 5.
2024-10-30 04:45:43,590 [ERROR] LogOutputStream:75 - [STDERR_REDIRECT] 
2024-10-30 04:45:43,940 [INFO] MainUpdater:2873 - connection check result : 10
2024-10-30 04:45:43,941 [INFO] MainUpdater:290 - Updater Check For Update Now.
2024-10-30 04:45:43,941 [INFO] MicroXplorer:498 - Change Database Version : DB.6.0.121
2024-10-30 04:45:43,955 [INFO] McuFinderGlobals:63 - Set McuFinder mode to 2 (CubeIDE integrated)
2024-10-30 04:45:43,956 [INFO] UserAuth:417 - Internet connection configuration mode: 1
2024-10-30 04:45:43,993 [INFO] JxBrowserEngine:152 - Initiate JxBrowser Engine with user profile folder
2024-10-30 04:45:44,043 [WARN] MainUpdater:1194 - Updater busy. Cannot search thirdparties
2024-10-30 04:45:44,043 [INFO] ThirdPartyUpdaterWithRetryManager:96 - Updater plugin is busy. [1/15]
2024-10-30 04:45:44,141 [INFO] CheckServerUpdateThread:120 - End of CheckServer Thread
2024-10-30 04:45:44,611 [INFO] WebApp:167 - Instantiating new browser for Auth
2024-10-30 04:45:45,127 [INFO] WebApp:448 - Apply proxy settings
2024-10-30 04:45:45,127 [INFO] WebApp:533 - Chromium requires no authentication
2024-10-30 04:45:45,132 [INFO] WebApp:476 - Direct internet connection detected
2024-10-30 04:45:45,149 [INFO] WebApp:869 - Register for checkConnection events
2024-10-30 04:45:45,149 [INFO] WebApp:448 - Apply proxy settings
2024-10-30 04:45:45,149 [INFO] WebApp:533 - Chromium requires no authentication
2024-10-30 04:45:45,149 [INFO] WebApp:476 - Direct internet connection detected
2024-10-30 04:45:45,285 [INFO] WebApp:220 - Starting web application
2024-10-30 04:45:45,287 [INFO] WebApp:578 - Web application path used C:\ST\STM32CubeIDE_1.16.1\STM32CubeIDE\plugins\com.st.stm32cube.common.mx_6.12.1.202409122256\db\plugins\mcufinder\reactClient1\index.html
2024-10-30 04:45:45,369 [INFO] UserAuth:417 - Internet connection configuration mode: 1
2024-10-30 04:45:45,426 [INFO] WebApp:186 - Connection restablished
2024-10-30 04:45:46,164 [ERROR] LogOutputStream:75 - [STDERR_REDIRECT] 
2024-10-30 04:45:46,165 [ERROR] LogOutputStream:75 - [STDERR_REDIRECT] 
2024-10-30 04:46:21,992 [INFO] Activator:176 - 


2024-10-30 04:46:21,999 [INFO] Activator:177 - !SESSION log4j initialized
2024-10-30 04:46:24,399 [INFO] LogOutputStream:77 - [STDOUT_REDIRECT] 
2024-10-30 04:46:25,849 [INFO] ApplicationProperties:184 - Using Application install path: C:\ST\STM32CubeIDE_1.16.1\STM32CubeIDE\plugins\com.st.stm32cube.common.mx_6.12.1.202409122256
2024-10-30 04:46:25,865 [INFO] DbMcusXml:78 - Set database path to: C:\ST\STM32CubeIDE_1.16.1\STM32CubeIDE\plugins\com.st.stm32cube.common.mx_6.12.1.202409122256\\db\/mcu/
2024-10-30 04:46:25,865 [INFO] ApiDb:274 - Set plugin database path to: C:\ST\STM32CubeIDE_1.16.1\STM32CubeIDE\plugins\com.st.stm32cube.common.mx_6.12.1.202409122256\\db\/plugins/boardmanager/
2024-10-30 04:46:25,866 [WARN] ApiDb:259 - Overriding images path with different value:  => C:\ST\STM32CubeIDE_1.16.1\STM32CubeIDE\plugins\com.st.stm32cube.common.mx_6.12.1.202409122256\\db\/plugins/mcufinder/images/
2024-10-30 04:46:25,871 [INFO] ApiDb:250 - Set database path to: C:\Users\Chellapandi\.stmcufinder\plugins\mcufinder//mcu/
2024-10-30 04:46:25,872 [INFO] DbMcusAds:125 - Set database path to: C:\Users\Chellapandi\.stmcufinder\plugins\mcufinder//mcu/
2024-10-30 04:46:25,874 [INFO] CrossReferenceDbSqlite:203 - Set database path to: C:\Users\Chellapandi\.stmcufinder\plugins\mcufinder//mcu/cs/
2024-10-30 04:46:25,955 [INFO] RulesReader:64 - Compatibility file has been processed (297 Rules)
2024-10-30 04:46:26,030 [INFO] DbMcusXml:78 - Set database path to: C:\ST\STM32CubeIDE_1.16.1\STM32CubeIDE\plugins\com.st.stm32cube.common.mx_6.12.1.202409122256\\db\/mcu/
2024-10-30 04:46:26,030 [INFO] ApiDb:274 - Set plugin database path to: C:\ST\STM32CubeIDE_1.16.1\STM32CubeIDE\plugins\com.st.stm32cube.common.mx_6.12.1.202409122256\\db\/plugins/boardmanager/
2024-10-30 04:46:26,030 [INFO] ApiDb:261 - Set plugin images path to: C:\ST\STM32CubeIDE_1.16.1\STM32CubeIDE\plugins\com.st.stm32cube.common.mx_6.12.1.202409122256\\db\/plugins/mcufinder/images/
2024-10-30 04:46:26,032 [WARN] DbFile:41 - Overriding database path with different value: C:\Users\Chellapandi\.stmcufinder\plugins\mcufinder/ => C:\Users\Chellapandi\.stmcufinder\plugins\mcufinder
2024-10-30 04:46:26,032 [INFO] ApiDb:250 - Set database path to: C:\Users\Chellapandi\.stmcufinder\plugins\mcufinder//mcu/
2024-10-30 04:46:26,032 [WARN] DbFile:41 - Overriding database path with different value: C:\Users\Chellapandi\.stmcufinder\plugins\mcufinder/ => C:\Users\Chellapandi\.stmcufinder\plugins\mcufinder
2024-10-30 04:46:26,032 [INFO] DbMcusAds:125 - Set database path to: C:\Users\Chellapandi\.stmcufinder\plugins\mcufinder//mcu/
2024-10-30 04:46:26,032 [WARN] DbFile:41 - Overriding database path with different value: C:\Users\Chellapandi\.stmcufinder\plugins\mcufinder/ => C:\Users\Chellapandi\.stmcufinder\plugins\mcufinder
2024-10-30 04:46:26,032 [WARN] DbFile:41 - Overriding database path with different value: C:\Users\Chellapandi\.stmcufinder\plugins\mcufinder/ => C:\Users\Chellapandi\.stmcufinder\plugins\mcufinder
2024-10-30 04:46:26,032 [INFO] CrossReferenceDbSqlite:203 - Set database path to: C:\Users\Chellapandi\.stmcufinder\plugins\mcufinder//mcu/cs/
2024-10-30 04:46:26,094 [INFO] MainPanel:268 - HeapMemory: 268435456
2024-10-30 04:46:26,155 [INFO] DbMcusXml:78 - Set database path to: C:\ST\STM32CubeIDE_1.16.1\STM32CubeIDE\plugins\com.st.stm32cube.common.mx_6.12.1.202409122256\\db\/mcu/
2024-10-30 04:46:26,155 [INFO] ApiDb:274 - Set plugin database path to: C:\ST\STM32CubeIDE_1.16.1\STM32CubeIDE\plugins\com.st.stm32cube.common.mx_6.12.1.202409122256\\db\/plugins/boardmanager/
2024-10-30 04:46:26,155 [INFO] ApiDb:261 - Set plugin images path to: C:\ST\STM32CubeIDE_1.16.1\STM32CubeIDE\plugins\com.st.stm32cube.common.mx_6.12.1.202409122256\\db\/plugins/mcufinder/images/
2024-10-30 04:46:26,155 [WARN] DbFile:41 - Overriding database path with different value: C:\Users\Chellapandi\.stmcufinder\plugins\mcufinder/ => C:\Users\Chellapandi\.stmcufinder\plugins\mcufinder
2024-10-30 04:46:26,155 [INFO] ApiDb:250 - Set database path to: C:\Users\Chellapandi\.stmcufinder\plugins\mcufinder//mcu/
2024-10-30 04:46:26,155 [WARN] DbFile:41 - Overriding database path with different value: C:\Users\Chellapandi\.stmcufinder\plugins\mcufinder/ => C:\Users\Chellapandi\.stmcufinder\plugins\mcufinder
2024-10-30 04:46:26,155 [INFO] DbMcusAds:125 - Set database path to: C:\Users\Chellapandi\.stmcufinder\plugins\mcufinder//mcu/
2024-10-30 04:46:26,156 [WARN] DbFile:41 - Overriding database path with different value: C:\Users\Chellapandi\.stmcufinder\plugins\mcufinder/ => C:\Users\Chellapandi\.stmcufinder\plugins\mcufinder
2024-10-30 04:46:26,156 [WARN] DbFile:41 - Overriding database path with different value: C:\Users\Chellapandi\.stmcufinder\plugins\mcufinder/ => C:\Users\Chellapandi\.stmcufinder\plugins\mcufinder
2024-10-30 04:46:26,156 [INFO] CrossReferenceDbSqlite:203 - Set database path to: C:\Users\Chellapandi\.stmcufinder\plugins\mcufinder//mcu/cs/
2024-10-30 04:46:26,169 [INFO] ApplicationProperties:184 - Using Application install path: C:\ST\STM32CubeIDE_1.16.1\STM32CubeIDE\plugins\com.st.stm32cube.common.mx_6.12.1.202409122256
2024-10-30 04:46:26,170 [INFO] PluginManage:196 - Search for loadable plugins [exclusion list=, ]
2024-10-30 04:46:26,171 [INFO] PluginManage:310 - Check plugin analytics
2024-10-30 04:46:26,320 [INFO] AnalyticsPlugin:253 - Accepted Software Licenses: 
2024-10-30 04:46:26,320 [INFO] AnalyticsPlugin:255 - Accepted CMSIS Pack Licenses: 
2024-10-30 04:46:26,320 [INFO] AnalyticsPlugin:257 - Accepted Firmware Licenses: FW.L4.1.18.0,FW.F4.1.28.0
2024-10-30 04:46:26,324 [INFO] PluginManage:359 - Loaded plugin analytics (category:tool,tabindex:-1)
2024-10-30 04:46:26,324 [INFO] PluginManage:310 - Check plugin cadmodel
2024-10-30 04:46:26,328 [INFO] CADModel:105 - Init CAD model plugin
2024-10-30 04:46:26,328 [INFO] PluginManage:359 - Loaded plugin cadmodel (category:power,tabindex:5)
2024-10-30 04:46:26,328 [INFO] PluginManage:310 - Check plugin clock
2024-10-30 04:46:26,335 [INFO] PluginManage:359 - Loaded plugin clock (category:base,tabindex:2)
2024-10-30 04:46:26,335 [INFO] PluginManage:310 - Check plugin ddr
2024-10-30 04:46:26,337 [INFO] PluginManage:359 - Loaded plugin ddr (category:tool,tabindex:6)
2024-10-30 04:46:26,337 [INFO] PluginManage:310 - Check plugin filemanager
2024-10-30 04:46:26,460 [INFO] PluginManage:359 - Loaded plugin filemanager (category:base,tabindex:10)
2024-10-30 04:46:26,460 [INFO] PluginManage:310 - Check plugin ipmanager
2024-10-30 04:46:26,466 [INFO] PluginManage:359 - Loaded plugin ipmanager (category:base,tabindex:5)
2024-10-30 04:46:26,466 [INFO] PluginManage:310 - Check plugin lpbam
2024-10-30 04:46:26,472 [INFO] PluginManage:359 - Loaded plugin lpbam (category:base,tabindex:0)
2024-10-30 04:46:26,472 [INFO] PluginManage:310 - Check plugin memorymap
2024-10-30 04:46:26,479 [INFO] PluginManage:359 - Loaded plugin memorymap (category:base,tabindex:4)
2024-10-30 04:46:26,479 [INFO] PluginManage:310 - Check plugin pinoutandconfiguration
2024-10-30 04:46:26,483 [INFO] PluginManage:359 - Loaded plugin pinoutandconfiguration (category:base,tabindex:1)
2024-10-30 04:46:26,483 [INFO] PluginManage:310 - Check plugin pinoutconfig
2024-10-30 04:46:26,561 [WARN] SupportedApi:132 - Cannot load RTOS API schema: s4s-elt-must-match.1: The content of 'definitions' must match (annotation?, (simpleType | complexType)?, (unique | key | keyref)*)). A problem was found starting at: attribute.
2024-10-30 04:46:26,650 [INFO] PluginManage:359 - Loaded plugin pinoutconfig (category:base,tabindex:0)
2024-10-30 04:46:26,651 [INFO] PluginManage:310 - Check plugin power
2024-10-30 04:46:26,661 [INFO] PluginManage:359 - Loaded plugin power (category:power,tabindex:4)
2024-10-30 04:46:26,661 [INFO] PluginManage:310 - Check plugin projectmanager
2024-10-30 04:46:26,673 [INFO] PluginManage:359 - Loaded plugin projectmanager (category:projectmanager,tabindex:4)
2024-10-30 04:46:26,673 [INFO] PluginManage:310 - Check plugin rif
2024-10-30 04:46:26,678 [INFO] PluginManage:359 - Loaded plugin rif (category:base,tabindex:3)
2024-10-30 04:46:26,679 [INFO] PluginManage:310 - Check plugin thirdparty
2024-10-30 04:46:26,765 [INFO] PluginManage:359 - Loaded plugin thirdparty (category:base,tabindex:-1)
2024-10-30 04:46:26,766 [INFO] PluginManage:310 - Check plugin tools
2024-10-30 04:46:26,766 [WARN] IntegrityCheckThread:84 - waiting for thirdparty lock release [integrity check]
2024-10-30 04:46:26,766 [INFO] IntegrityCheckThread:86 - entering critical section [integrity check]
2024-10-30 04:46:26,766 [INFO] ThirdPartyUpdaterWithRetryManager:70 - Updater plugin not ready yet. [1/15]
2024-10-30 04:46:26,768 [INFO] PluginManage:359 - Loaded plugin tools (category:base,tabindex:7)
2024-10-30 04:46:26,768 [INFO] PluginManage:310 - Check plugin tutovideos
2024-10-30 04:46:26,903 [INFO] PluginManage:359 - Loaded plugin tutovideos (category:base,tabindex:-1)
2024-10-30 04:46:26,903 [INFO] PluginManage:310 - Check plugin updater
2024-10-30 04:46:26,916 [INFO] PluginManage:359 - Loaded plugin updater (category:base,tabindex:12)
2024-10-30 04:46:26,916 [INFO] PluginManage:310 - Check plugin userauth
2024-10-30 04:46:26,919 [INFO] UserAuth:113 - Init User Auth plugin
2024-10-30 04:46:26,919 [INFO] PluginManage:359 - Loaded plugin userauth (category:base,tabindex:14)
2024-10-30 04:46:26,919 [INFO] PluginManage:283 - PluginManage : Loaded plugins [18]
2024-10-30 04:46:27,090 [INFO] PinOutPanel:1561 - setPackage(No Configuration,No Configuration)
2024-10-30 04:46:27,165 [INFO] CADModel:165 - CPN selected for project level
2024-10-30 04:46:27,165 [INFO] CADModel:114 - Register for checkConnection events
2024-10-30 04:46:27,177 [INFO] IPUIPlugin:80 - create IPUIPlugin
2024-10-30 04:46:27,177 [INFO] PluginManager:220 - loadIPPluginJar : add adc
2024-10-30 04:46:27,179 [INFO] IPUIPlugin:80 - create IPUIPlugin
2024-10-30 04:46:27,179 [INFO] PluginManager:220 - loadIPPluginJar : add aes
2024-10-30 04:46:27,181 [INFO] IPUIPlugin:80 - create IPUIPlugin
2024-10-30 04:46:27,181 [INFO] PluginManager:220 - loadIPPluginJar : add can
2024-10-30 04:46:27,182 [INFO] IPUIPlugin:80 - create IPUIPlugin
2024-10-30 04:46:27,182 [INFO] PluginManager:220 - loadIPPluginJar : add comp
2024-10-30 04:46:27,184 [INFO] IPUIPlugin:80 - create IPUIPlugin
2024-10-30 04:46:27,184 [INFO] PluginManager:220 - loadIPPluginJar : add cryp
2024-10-30 04:46:27,186 [INFO] IPUIPlugin:80 - create IPUIPlugin
2024-10-30 04:46:27,186 [INFO] PluginManager:220 - loadIPPluginJar : add ddr_ctrl_phy
2024-10-30 04:46:27,188 [INFO] IPUIPlugin:80 - create IPUIPlugin
2024-10-30 04:46:27,188 [INFO] PluginManager:220 - loadIPPluginJar : add dfsdm
2024-10-30 04:46:27,194 [INFO] IPUIPlugin:80 - create IPUIPlugin
2024-10-30 04:46:27,194 [INFO] PluginManager:220 - loadIPPluginJar : add dma
2024-10-30 04:46:27,196 [INFO] IPUIPlugin:80 - create IPUIPlugin
2024-10-30 04:46:27,196 [INFO] PluginManager:220 - loadIPPluginJar : add dma3
2024-10-30 04:46:27,198 [INFO] IPUIPlugin:80 - create IPUIPlugin
2024-10-30 04:46:27,198 [INFO] PluginManager:220 - loadIPPluginJar : add extmemmanager
2024-10-30 04:46:27,199 [INFO] IPUIPlugin:80 - create IPUIPlugin
2024-10-30 04:46:27,199 [INFO] PluginManager:220 - loadIPPluginJar : add fatfs
2024-10-30 04:46:27,203 [INFO] IPUIPlugin:80 - create IPUIPlugin
2024-10-30 04:46:27,203 [INFO] PluginManager:220 - loadIPPluginJar : add fmc
2024-10-30 04:46:27,210 [INFO] IPUIPlugin:80 - create IPUIPlugin
2024-10-30 04:46:27,210 [INFO] PluginManager:220 - loadIPPluginJar : add freertos
2024-10-30 04:46:27,212 [INFO] IPUIPlugin:80 - create IPUIPlugin
2024-10-30 04:46:27,212 [INFO] PluginManager:220 - loadIPPluginJar : add genericplugin
2024-10-30 04:46:27,214 [INFO] IPUIPlugin:80 - create IPUIPlugin
2024-10-30 04:46:27,214 [INFO] PluginManager:220 - loadIPPluginJar : add gfxmmu
2024-10-30 04:46:27,219 [INFO] IPUIPlugin:80 - create IPUIPlugin
2024-10-30 04:46:27,219 [INFO] PluginManager:220 - loadIPPluginJar : add gic
2024-10-30 04:46:27,223 [INFO] IPUIPlugin:80 - create IPUIPlugin
2024-10-30 04:46:27,223 [INFO] PluginManager:220 - loadIPPluginJar : add gpio
2024-10-30 04:46:27,227 [INFO] IPUIPlugin:80 - create IPUIPlugin
2024-10-30 04:46:27,227 [INFO] PluginManager:220 - loadIPPluginJar : add gtzc
2024-10-30 04:46:27,230 [INFO] IPUIPlugin:80 - create IPUIPlugin
2024-10-30 04:46:27,230 [INFO] PluginManager:220 - loadIPPluginJar : add hash
2024-10-30 04:46:27,233 [INFO] IPUIPlugin:80 - create IPUIPlugin
2024-10-30 04:46:27,233 [INFO] PluginManager:220 - loadIPPluginJar : add i2c
2024-10-30 04:46:27,235 [INFO] IPUIPlugin:80 - create IPUIPlugin
2024-10-30 04:46:27,235 [INFO] PluginManager:220 - loadIPPluginJar : add i2s
2024-10-30 04:46:27,239 [INFO] IPUIPlugin:80 - create IPUIPlugin
2024-10-30 04:46:27,239 [INFO] PluginManager:220 - loadIPPluginJar : add i3c
2024-10-30 04:46:27,243 [INFO] IPUIPlugin:80 - create IPUIPlugin
2024-10-30 04:46:27,243 [INFO] PluginManager:220 - loadIPPluginJar : add ipddr
2024-10-30 04:46:27,249 [INFO] IPUIPlugin:80 - create IPUIPlugin
2024-10-30 04:46:27,249 [INFO] PluginManager:220 - loadIPPluginJar : add linkedlist
2024-10-30 04:46:27,252 [INFO] IPUIPlugin:80 - create IPUIPlugin
2024-10-30 04:46:27,252 [INFO] PluginManager:220 - loadIPPluginJar : add lorawan
2024-10-30 04:46:27,255 [INFO] IPUIPlugin:80 - create IPUIPlugin
2024-10-30 04:46:27,255 [INFO] PluginManager:220 - loadIPPluginJar : add ltdc
2024-10-30 04:46:27,260 [INFO] IPUIPlugin:80 - create IPUIPlugin
2024-10-30 04:46:27,261 [INFO] PluginManager:220 - loadIPPluginJar : add mdma
2024-10-30 04:46:27,263 [INFO] IPUIPlugin:80 - create IPUIPlugin
2024-10-30 04:46:27,263 [INFO] PluginManager:220 - loadIPPluginJar : add nvic
2024-10-30 04:46:27,267 [INFO] IPUIPlugin:80 - create IPUIPlugin
2024-10-30 04:46:27,267 [INFO] PluginManager:220 - loadIPPluginJar : add opamp
2024-10-30 04:46:27,269 [INFO] IPUIPlugin:80 - create IPUIPlugin
2024-10-30 04:46:27,269 [INFO] PluginManager:220 - loadIPPluginJar : add openamp
2024-10-30 04:46:27,271 [INFO] IPUIPlugin:80 - create IPUIPlugin
2024-10-30 04:46:27,271 [INFO] PluginManager:220 - loadIPPluginJar : add pdm2pcm
2024-10-30 04:46:27,275 [INFO] IPUIPlugin:80 - create IPUIPlugin
2024-10-30 04:46:27,277 [INFO] PluginManager:220 - loadIPPluginJar : add plateformsettings
2024-10-30 04:46:27,278 [INFO] IPUIPlugin:80 - create IPUIPlugin
2024-10-30 04:46:27,278 [INFO] PluginManager:220 - loadIPPluginJar : add quadspi
2024-10-30 04:46:27,279 [INFO] IPUIPlugin:80 - create IPUIPlugin
2024-10-30 04:46:27,279 [INFO] PluginManager:220 - loadIPPluginJar : add radio
2024-10-30 04:46:27,281 [INFO] IPUIPlugin:80 - create IPUIPlugin
2024-10-30 04:46:27,281 [INFO] PluginManager:220 - loadIPPluginJar : add resmgrutility
2024-10-30 04:46:27,283 [INFO] IPUIPlugin:80 - create IPUIPlugin
2024-10-30 04:46:27,283 [INFO] PluginManager:220 - loadIPPluginJar : add sai
2024-10-30 04:46:27,285 [INFO] IPUIPlugin:80 - create IPUIPlugin
2024-10-30 04:46:27,285 [INFO] PluginManager:220 - loadIPPluginJar : add spi
2024-10-30 04:46:27,289 [INFO] IPUIPlugin:80 - create IPUIPlugin
2024-10-30 04:46:27,289 [INFO] PluginManager:220 - loadIPPluginJar : add stm32_wpan
2024-10-30 04:46:27,290 [INFO] IPUIPlugin:80 - create IPUIPlugin
2024-10-30 04:46:27,290 [INFO] PluginManager:220 - loadIPPluginJar : add tim
2024-10-30 04:46:27,292 [INFO] IPUIPlugin:80 - create IPUIPlugin
2024-10-30 04:46:27,292 [INFO] PluginManager:220 - loadIPPluginJar : add touchsensing
2024-10-30 04:46:27,294 [INFO] IPUIPlugin:80 - create IPUIPlugin
2024-10-30 04:46:27,294 [INFO] PluginManager:220 - loadIPPluginJar : add tracer_emb
2024-10-30 04:46:27,295 [INFO] IPUIPlugin:80 - create IPUIPlugin
2024-10-30 04:46:27,296 [INFO] PluginManager:220 - loadIPPluginJar : add ts
2024-10-30 04:46:27,297 [INFO] IPUIPlugin:80 - create IPUIPlugin
2024-10-30 04:46:27,297 [INFO] PluginManager:220 - loadIPPluginJar : add tsc
2024-10-30 04:46:27,298 [INFO] IPUIPlugin:80 - create IPUIPlugin
2024-10-30 04:46:27,298 [INFO] PluginManager:220 - loadIPPluginJar : add ucpd
2024-10-30 04:46:27,300 [INFO] IPUIPlugin:80 - create IPUIPlugin
2024-10-30 04:46:27,300 [INFO] PluginManager:220 - loadIPPluginJar : add usart
2024-10-30 04:46:27,302 [INFO] IPUIPlugin:80 - create IPUIPlugin
2024-10-30 04:46:27,302 [INFO] PluginManager:220 - loadIPPluginJar : add usbx
2024-10-30 04:46:27,434 [INFO] CADModel:165 - CPN selected for project level
2024-10-30 04:46:27,434 [INFO] CADModel:114 - Register for checkConnection events
2024-10-30 04:46:27,435 [FATAL] Updater:334 - Updater called before beeing initialized
2024-10-30 04:46:27,435 [ERROR] CADModel:125 - Updater not yet initialized, retry later 
2024-10-30 04:46:27,562 [INFO] CADModel:165 - CPN selected for project level
2024-10-30 04:46:27,562 [INFO] CADModel:114 - Register for checkConnection events
2024-10-30 04:46:27,562 [FATAL] Updater:334 - Updater called before beeing initialized
2024-10-30 04:46:27,562 [ERROR] CADModel:125 - Updater not yet initialized, retry later 
2024-10-30 04:46:27,565 [FATAL] Updater:334 - Updater called before beeing initialized
2024-10-30 04:46:27,647 [FATAL] Updater:334 - Updater called before beeing initialized
2024-10-30 04:46:27,649 [INFO] DbMcusAds:53 - JSON generation date=Fri Sep 20 18:34:38 IST 2024 (1726837478367)
2024-10-30 04:46:27,649 [FATAL] Updater:334 - Updater called before beeing initialized
2024-10-30 04:46:27,676 [WARN] DetailPanel:346 - Failed to get advertising image, set to default
2024-10-30 04:46:27,758 [FATAL] Updater:334 - Updater called before beeing initialized
2024-10-30 04:46:27,759 [FATAL] Updater:334 - Updater called before beeing initialized
2024-10-30 04:46:27,759 [FATAL] Updater:334 - Updater called before beeing initialized
2024-10-30 04:46:27,760 [WARN] DetailPanel:346 - Failed to get advertising image, set to default
2024-10-30 04:46:27,760 [FATAL] Updater:334 - Updater called before beeing initialized
2024-10-30 04:46:27,796 [ERROR] Updater:1164 - MainUpdater not yet initialized. External WinMGr cannot be set.
2024-10-30 04:46:27,798 [INFO] Updater:1100 - Updater Version found : 6.12.1
2024-10-30 04:46:27,813 [INFO] ApplicationProperties:184 - Using Application install path: C:\ST\STM32CubeIDE_1.16.1\STM32CubeIDE\plugins\com.st.stm32cube.common.mx_6.12.1.202409122256
2024-10-30 04:46:29,391 [ERROR] LogOutputStream:75 - [STDERR_REDIRECT] Oct 30, 2024 4:46:29 AM java.util.prefs.WindowsPreferences <init>
2024-10-30 04:46:29,392 [ERROR] LogOutputStream:75 - [STDERR_REDIRECT] WARNING: Could not open/create prefs root node Software\JavaSoft\Prefs at root 0xffffffff80000002. Windows RegCreateKeyEx(...) returned error code 5.
2024-10-30 04:46:29,392 [ERROR] LogOutputStream:75 - [STDERR_REDIRECT] 
2024-10-30 04:46:29,707 [INFO] MainUpdater:2873 - connection check result : 10
2024-10-30 04:46:29,708 [INFO] MainUpdater:290 - Updater Check For Update Now.
2024-10-30 04:46:29,708 [INFO] MicroXplorer:498 - Change Database Version : DB.6.0.121
2024-10-30 04:46:29,713 [INFO] McuFinderGlobals:63 - Set McuFinder mode to 2 (CubeIDE integrated)
2024-10-30 04:46:29,714 [INFO] UserAuth:417 - Internet connection configuration mode: 1
2024-10-30 04:46:29,751 [INFO] JxBrowserEngine:152 - Initiate JxBrowser Engine with user profile folder
2024-10-30 04:46:29,768 [WARN] MainUpdater:1194 - Updater busy. Cannot search thirdparties
2024-10-30 04:46:29,768 [INFO] ThirdPartyUpdaterWithRetryManager:96 - Updater plugin is busy. [1/15]
2024-10-30 04:46:29,897 [INFO] CheckServerUpdateThread:120 - End of CheckServer Thread
2024-10-30 04:46:30,312 [INFO] WebApp:167 - Instantiating new browser for Auth
2024-10-30 04:46:30,893 [INFO] WebApp:448 - Apply proxy settings
2024-10-30 04:46:30,893 [INFO] WebApp:533 - Chromium requires no authentication
2024-10-30 04:46:30,898 [INFO] WebApp:476 - Direct internet connection detected
2024-10-30 04:46:30,914 [INFO] WebApp:869 - Register for checkConnection events
2024-10-30 04:46:30,914 [INFO] WebApp:448 - Apply proxy settings
2024-10-30 04:46:30,914 [INFO] WebApp:533 - Chromium requires no authentication
2024-10-30 04:46:30,915 [INFO] WebApp:476 - Direct internet connection detected
2024-10-30 04:46:31,025 [INFO] WebApp:220 - Starting web application
2024-10-30 04:46:31,025 [INFO] WebApp:578 - Web application path used C:\ST\STM32CubeIDE_1.16.1\STM32CubeIDE\plugins\com.st.stm32cube.common.mx_6.12.1.202409122256\db\plugins\mcufinder\reactClient1\index.html
2024-10-30 04:46:31,091 [INFO] UserAuth:417 - Internet connection configuration mode: 1
2024-10-30 04:46:31,170 [INFO] WebApp:186 - Connection restablished
2024-10-30 04:46:32,960 [WARN] PackLoader:240 - Cannot read IP mode file for STMicroelectronics.FP-SNS-MOTENVWB1.1.4.0
2024-10-30 04:46:32,972 [WARN] PackLoader:240 - Cannot read IP mode file for STMicroelectronics.X-CUBE-SMBUS.2.1.0
2024-10-30 04:46:32,981 [WARN] PackLoader:240 - Cannot read IP mode file for STMicroelectronics.X-CUBE-WB05N.1.1.0
2024-10-30 04:46:33,004 [WARN] PackLoader:240 - Cannot read IP mode file for STMicroelectronics.X-CUBE-AZRTOS-F7.1.1.0
2024-10-30 04:46:33,054 [WARN] PackLoader:240 - Cannot read IP mode file for STMicroelectronics.X-CUBE-MEMS1.11.0.0
2024-10-30 04:46:33,196 [WARN] PackLoader:240 - Cannot read IP mode file for STMicroelectronics.FP-SNS-FLIGHT1.5.0.2
2024-10-30 04:46:33,206 [WARN] PackLoader:240 - Cannot read IP mode file for STMicroelectronics.X-CUBE-DISPLAY.3.0.0
2024-10-30 04:46:33,214 [WARN] PackLoader:240 - Cannot read IP mode file for STMicroelectronics.X-CUBE-BLE1.7.0.0
2024-10-30 04:46:33,221 [WARN] PackLoader:240 - Cannot read IP mode file for STMicroelectronics.X-CUBE-NFC10.1.0.0
2024-10-30 04:46:33,227 [WARN] PackLoader:240 - Cannot read IP mode file for emotas.I-CUBE-CANOPEN.1.3.0
2024-10-30 04:46:33,237 [WARN] PackLoader:240 - Cannot read IP mode file for STMicroelectronics.X-CUBE-BLEMGR.3.1.0
2024-10-30 04:46:33,242 [WARN] PackLoader:240 - Cannot read IP mode file for STMicroelectronics.FP-SNS-SMARTAG2.1.2.0
2024-10-30 04:46:33,250 [INFO] LogOutputStream:77 - [STDOUT_REDIRECT] 1 : Invalid condition id : UX_CORESTACK_Condition cause : null
2024-10-30 04:46:33,251 [INFO] LogOutputStream:77 - [STDOUT_REDIRECT] 1 : Invalid condition id : UX_CORESTACK_Condition cause : null
2024-10-30 04:46:33,252 [INFO] LogOutputStream:77 - [STDOUT_REDIRECT] 1 : Invalid condition id : UX_CORESTACK_Condition cause : null
2024-10-30 04:46:33,253 [INFO] LogOutputStream:77 - [STDOUT_REDIRECT] 1 : Invalid condition id : UX_CORESTACK_Condition cause : null
2024-10-30 04:46:33,254 [INFO] LogOutputStream:77 - [STDOUT_REDIRECT] 1 : Invalid condition id : UX_CORESTACK_Condition cause : null
2024-10-30 04:46:33,257 [WARN] PackLoader:240 - Cannot read IP mode file for STMicroelectronics.X-CUBE-AZRTOS-WL.2.0.0
2024-10-30 04:46:33,262 [WARN] PackLoader:240 - Cannot read IP mode file for STMicroelectronics.FP-SNS-MOTENV1.5.0.0
2024-10-30 04:46:33,266 [WARN] PackLoader:240 - Cannot read IP mode file for wolfSSL.I-CUBE-wolfMQTT.1.19.0
2024-10-30 04:46:33,274 [WARN] PackLoader:240 - Cannot read IP mode file for WES.I-CUBE-Cesium.1.3.0
2024-10-30 04:46:33,279 [WARN] PackLoader:240 - Cannot read IP mode file for STMicroelectronics.X-CUBE-BLE2.3.3.0
2024-10-30 04:46:33,285 [WARN] PackLoader:240 - Cannot read IP mode file for STMicroelectronics.X-CUBE-NFC9.1.0.0
2024-10-30 04:46:33,293 [WARN] PackLoader:240 - Cannot read IP mode file for STMicroelectronics.X-CUBE-TCPP.4.1.0
2024-10-30 04:46:33,307 [WARN] PackLoader:240 - Cannot read IP mode file for STMicroelectronics.X-CUBE-AZRTOS-G0.1.1.0
2024-10-30 04:46:33,316 [WARN] PackLoader:240 - Cannot read IP mode file for STMicroelectronics.X-CUBE-SAFEA1.1.2.2
2024-10-30 04:46:33,320 [WARN] PackLoader:240 - Cannot read IP mode file for STMicroelectronics.X-CUBE-NFC4.3.0.0
2024-10-30 04:46:33,330 [WARN] PackLoader:240 - Cannot read IP mode file for EmbeddedOffice.I-CUBE-FS-RTOS.1.0.1
2024-10-30 04:46:33,330 [ERROR] ConditionMgr:805 - Attr not supported : Dmpu
2024-10-30 04:46:33,330 [ERROR] ConditionMgr:805 - Attr not supported : Dmpu
2024-10-30 04:46:33,330 [ERROR] ConditionMgr:805 - Attr not supported : Dmpu
2024-10-30 04:46:33,330 [ERROR] ConditionMgr:805 - Attr not supported : Dmpu
2024-10-30 04:46:33,330 [ERROR] ConditionMgr:805 - Attr not supported : Dmpu
2024-10-30 04:46:33,330 [ERROR] ConditionMgr:805 - Attr not supported : Dmpu
2024-10-30 04:46:33,330 [ERROR] ConditionMgr:805 - Attr not supported : Dmpu
2024-10-30 04:46:33,331 [ERROR] ConditionMgr:805 - Attr not supported : Dmpu
2024-10-30 04:46:33,331 [ERROR] ConditionMgr:805 - Attr not supported : Dmpu
2024-10-30 04:46:33,331 [ERROR] ConditionMgr:805 - Attr not supported : Dmpu
2024-10-30 04:46:33,331 [ERROR] ConditionMgr:805 - Attr not supported : Dmpu
2024-10-30 04:46:33,331 [ERROR] ConditionMgr:805 - Attr not supported : Dmpu
2024-10-30 04:46:33,331 [ERROR] ConditionMgr:805 - Attr not supported : Dmpu
2024-10-30 04:46:33,331 [ERROR] ConditionMgr:805 - Attr not supported : Dmpu
2024-10-30 04:46:33,331 [ERROR] ConditionMgr:805 - Attr not supported : Dmpu
2024-10-30 04:46:33,331 [ERROR] ConditionMgr:805 - Attr not supported : Dmpu
2024-10-30 04:46:33,331 [ERROR] ConditionMgr:805 - Attr not supported : Dmpu
2024-10-30 04:46:33,331 [ERROR] ConditionMgr:805 - Attr not supported : Dmpu
2024-10-30 04:46:33,331 [ERROR] ConditionMgr:805 - Attr not supported : Dmpu
2024-10-30 04:46:33,331 [ERROR] ConditionMgr:805 - Attr not supported : Dmpu
2024-10-30 04:46:33,331 [ERROR] ConditionMgr:805 - Attr not supported : Dmpu
2024-10-30 04:46:33,331 [ERROR] ConditionMgr:805 - Attr not supported : Dmpu
2024-10-30 04:46:33,331 [ERROR] ConditionMgr:805 - Attr not supported : Dmpu
2024-10-30 04:46:33,331 [ERROR] ConditionMgr:805 - Attr not supported : Dmpu
2024-10-30 04:46:33,331 [ERROR] ConditionMgr:805 - Attr not supported : Dmpu
2024-10-30 04:46:33,331 [ERROR] ConditionMgr:805 - Attr not supported : Dmpu
2024-10-30 04:46:33,331 [ERROR] ConditionMgr:805 - Attr not supported : Dmpu
2024-10-30 04:46:33,331 [ERROR] ConditionMgr:805 - Attr not supported : Dmpu
2024-10-30 04:46:33,331 [ERROR] ConditionMgr:805 - Attr not supported : Dmpu
2024-10-30 04:46:33,331 [ERROR] ConditionMgr:805 - Attr not supported : Dmpu
2024-10-30 04:46:33,331 [ERROR] ConditionMgr:805 - Attr not supported : Dmpu
2024-10-30 04:46:33,331 [ERROR] ConditionMgr:805 - Attr not supported : Dmpu
2024-10-30 04:46:33,331 [ERROR] ConditionMgr:805 - Attr not supported : Dmpu
2024-10-30 04:46:33,331 [ERROR] ConditionMgr:805 - Attr not supported : Dmpu
2024-10-30 04:46:33,331 [ERROR] ConditionMgr:805 - Attr not supported : Dmpu
2024-10-30 04:46:33,331 [ERROR] ConditionMgr:805 - Attr not supported : Dmpu
2024-10-30 04:46:33,331 [ERROR] ConditionMgr:805 - Attr not supported : Dmpu
2024-10-30 04:46:33,331 [ERROR] ConditionMgr:805 - Attr not supported : Dmpu
2024-10-30 04:46:33,331 [ERROR] ConditionMgr:805 - Attr not supported : Dmpu
2024-10-30 04:46:33,331 [ERROR] ConditionMgr:805 - Attr not supported : Dmpu
2024-10-30 04:46:33,331 [ERROR] ConditionMgr:805 - Attr not supported : Dmpu
2024-10-30 04:46:33,331 [ERROR] ConditionMgr:805 - Attr not supported : Dmpu
2024-10-30 04:46:33,331 [ERROR] ConditionMgr:805 - Attr not supported : Dmpu
2024-10-30 04:46:33,331 [ERROR] ConditionMgr:805 - Attr not supported : Dmpu
2024-10-30 04:46:33,332 [ERROR] ConditionMgr:805 - Attr not supported : Dmpu
2024-10-30 04:46:33,332 [ERROR] ConditionMgr:805 - Attr not supported : Dmpu
2024-10-30 04:46:33,332 [ERROR] ConditionMgr:805 - Attr not supported : Dmpu
2024-10-30 04:46:33,332 [ERROR] ConditionMgr:805 - Attr not supported : Dmpu
2024-10-30 04:46:33,332 [ERROR] ConditionMgr:805 - Attr not supported : Dmpu
2024-10-30 04:46:33,332 [ERROR] ConditionMgr:805 - Attr not supported : Dmpu
2024-10-30 04:46:33,332 [ERROR] ConditionMgr:805 - Attr not supported : Dmpu
2024-10-30 04:46:33,332 [ERROR] ConditionMgr:805 - Attr not supported : Dmpu
2024-10-30 04:46:33,332 [ERROR] ConditionMgr:805 - Attr not supported : Dmpu
2024-10-30 04:46:33,332 [ERROR] ConditionMgr:805 - Attr not supported : Dmpu
2024-10-30 04:46:33,332 [ERROR] ConditionMgr:805 - Attr not supported : Dmpu
2024-10-30 04:46:33,332 [ERROR] ConditionMgr:805 - Attr not supported : Dmpu
2024-10-30 04:46:33,332 [ERROR] ConditionMgr:805 - Attr not supported : Dmpu
2024-10-30 04:46:33,333 [ERROR] ConditionMgr:805 - Attr not supported : Dmpu
2024-10-30 04:46:33,333 [ERROR] ConditionMgr:805 - Attr not supported : Dmpu
2024-10-30 04:46:33,333 [ERROR] ConditionMgr:805 - Attr not supported : Dmpu
2024-10-30 04:46:33,333 [ERROR] ConditionMgr:805 - Attr not supported : Dmpu
2024-10-30 04:46:33,333 [ERROR] ConditionMgr:805 - Attr not supported : Dmpu
2024-10-30 04:46:33,333 [ERROR] ConditionMgr:805 - Attr not supported : Dmpu
2024-10-30 04:46:33,333 [ERROR] ConditionMgr:805 - Attr not supported : Dmpu
2024-10-30 04:46:33,337 [WARN] PackLoader:240 - Cannot read IP mode file for RealThread.X-CUBE-RT-Thread_Nano.4.1.1
2024-10-30 04:46:33,340 [WARN] PackLoader:240 - Cannot read IP mode file for STMicroelectronics.FP-ATR-SIGFOX1.3.2.0
2024-10-30 04:46:33,344 [WARN] PackLoader:240 - Cannot read IP mode file for wolfSSL.I-CUBE-wolfSSL.5.7.2
2024-10-30 04:46:33,347 [WARN] PackLoader:240 - Cannot read IP mode file for STMicroelectronics.X-CUBE-EEPRMA1.5.1.0
2024-10-30 04:46:33,352 [WARN] PackLoader:240 - Cannot read IP mode file for ITTIA_DB.I-CUBE-ITTIADB.8.9.0
2024-10-30 04:46:33,374 [WARN] PackLoader:240 - Cannot read IP mode file for SEGGER.I-CUBE-embOS.1.3.1
2024-10-30 04:46:33,409 [WARN] PackLoader:240 - Cannot read IP mode file for STMicroelectronics.X-CUBE-ALGOBUILD.1.4.0
2024-10-30 04:46:33,414 [WARN] PackLoader:240 - Cannot read IP mode file for STMicroelectronics.X-CUBE-AI.9.1.0
2024-10-30 04:46:33,426 [WARN] PackLoader:240 - Cannot read IP mode file for STMicroelectronics.X-CUBE-AZRTOS-F4.1.1.0
2024-10-30 04:46:33,430 [WARN] PackLoader:240 - Cannot read IP mode file for STMicroelectronics.X-CUBE-ISPU.2.1.0
2024-10-30 04:46:33,436 [WARN] PackLoader:240 - Cannot read IP mode file for STMicroelectronics.X-CUBE-FREERTOS.1.2.0
2024-10-30 04:46:33,446 [WARN] PackLoader:240 - Cannot read IP mode file for STMicroelectronics.X-CUBE-AZRTOS-L5.2.0.0
2024-10-30 04:46:33,453 [WARN] PackLoader:240 - Cannot read IP mode file for STMicroelectronics.X-CUBE-NFC6.3.1.0
2024-10-30 04:46:33,459 [WARN] PackLoader:240 - Cannot read IP mode file for STMicroelectronics.X-CUBE-DPower.1.2.0
2024-10-30 04:46:33,463 [WARN] PackLoader:240 - Cannot read IP mode file for STMicroelectronics.X-CUBE-NFC7.1.0.1
2024-10-30 04:46:33,477 [WARN] ConditionMgr:438 - getConditionDescription Invalid condition id : LAN8742 Phy interface Condition cause : null
2024-10-30 04:46:33,477 [WARN] PackLoader:240 - Cannot read IP mode file for STMicroelectronics.X-CUBE-AZRTOS-L4.2.0.0
2024-10-30 04:46:33,479 [WARN] ConditionMgr:1039 - genDependencies : Invalid condition id : LAN8742 Phy interface Condition cause : null
2024-10-30 04:46:33,480 [WARN] ConditionMgr:1039 - genDependencies : Invalid condition id : LAN8742 Phy interface Condition cause : null
2024-10-30 04:46:33,480 [WARN] ConditionMgr:1039 - genDependencies : Invalid condition id : LAN8742 Phy interface Condition cause : null
2024-10-30 04:46:33,487 [WARN] PackLoader:240 - Cannot read IP mode file for STMicroelectronics.X-CUBE-SFXS2LP1.4.0.0
2024-10-30 04:46:33,501 [WARN] PackLoader:240 - Cannot read IP mode file for STMicroelectronics.X-CUBE-AZRTOS-H7.3.3.0
2024-10-30 04:46:33,510 [WARN] PackLoader:240 - Cannot read IP mode file for STMicroelectronics.X-CUBE-IPS.3.0.0
2024-10-30 04:46:33,524 [WARN] ConditionMgr:438 - getConditionDescription Invalid condition id : UX DEVICE CLASS RTOS Condition cause : null
2024-10-30 04:46:33,524 [WARN] ConditionMgr:438 - getConditionDescription Invalid condition id : UX DEVICE CLASS RTOS Condition cause : null
2024-10-30 04:46:33,526 [WARN] PackLoader:240 - Cannot read IP mode file for STMicroelectronics.X-CUBE-AZRTOS-WB.2.0.0
2024-10-30 04:46:33,526 [WARN] ConditionMgr:1039 - genDependencies : Invalid condition id : UX DEVICE CLASS RTOS Condition cause : null
2024-10-30 04:46:33,526 [WARN] ConditionMgr:1039 - genDependencies : Invalid condition id : UX DEVICE CLASS RTOS Condition cause : null
2024-10-30 04:46:33,526 [WARN] ConditionMgr:1039 - genDependencies : Invalid condition id : UX DEVICE CLASS RTOS Condition cause : null
2024-10-30 04:46:33,526 [WARN] ConditionMgr:1039 - genDependencies : Invalid condition id : UX DEVICE CLASS RTOS Condition cause : null
2024-10-30 04:46:33,526 [WARN] ConditionMgr:1039 - genDependencies : Invalid condition id : UX DEVICE CLASS RTOS Condition cause : null
2024-10-30 04:46:33,532 [WARN] PackLoader:240 - Cannot read IP mode file for STMicroelectronics.X-CUBE-GNSS1.7.0.0
2024-10-30 04:46:33,537 [WARN] PackLoader:240 - Cannot read IP mode file for STMicroelectronics.FP-SNS-STBOX1.2.0.0
2024-10-30 04:46:33,544 [WARN] PackLoader:240 - Cannot read IP mode file for STMicroelectronics.X-CUBE-SUBG2.5.0.0
2024-10-30 04:46:33,550 [WARN] PackLoader:240 - Cannot read IP mode file for Cesanta.I-CUBE-Mongoose.7.13.0
2024-10-30 04:46:33,559 [WARN] PackLoader:240 - Cannot read IP mode file for STMicroelectronics.X-CUBE-AZRTOS-G4.2.0.0
2024-10-30 04:46:33,564 [WARN] PackLoader:240 - Cannot read IP mode file for STMicroelectronics.X-CUBE-ALS.1.0.2
2024-10-30 04:46:33,569 [WARN] PackLoader:240 - Cannot read IP mode file for STMicroelectronics.X-CUBE-TOUCHGFX.4.24.1
2024-10-30 04:46:33,572 [WARN] PackLoader:240 - Cannot read IP mode file for wolfSSL.I-CUBE-wolfTPM.3.4.0
2024-10-30 04:46:33,577 [WARN] PackLoader:240 - Cannot read IP mode file for portGmbH.I-Cube-SoM-uGOAL.1.1.0
2024-10-30 04:46:33,588 [WARN] PackLoader:240 - Cannot read IP mode file for STMicroelectronics.X-CUBE-AZRTOS-H7RS.1.0.0
2024-10-30 04:46:33,593 [WARN] PackLoader:240 - Cannot read IP mode file for STMicroelectronics.FP-ATR-ASTRA1.2.0.0
2024-10-30 04:46:33,600 [WARN] PackLoader:240 - Cannot read IP mode file for STMicroelectronics.X-CUBE-TOF1.3.4.2
2024-10-30 04:46:33,619 [WARN] PackLoader:240 - Cannot read IP mode file for Infineon.AIROC-Wi-Fi-Bluetooth-STM32.1.6.1
2024-10-30 04:46:33,627 [WARN] PackLoader:240 - Cannot read IP mode file for wolfSSL.I-CUBE-wolfSSH.1.4.17
2024-10-30 04:46:33,628 [INFO] ThirdParty:978 - Integrity check success = true
2024-10-30 04:46:33,628 [INFO] IntegrityCheckThread:100 - exiting critical section [integrity check]
2024-10-30 04:46:33,628 [INFO] IntegrityCheckThread:103 - End integrity checks thread
2024-10-30 04:47:29,179 [ERROR] LogOutputStream:75 - [STDERR_REDIRECT] 
2024-10-30 04:47:29,179 [ERROR] LogOutputStream:75 - [STDERR_REDIRECT] 
