2024-10-30 00:13:21,053 [INFO] NvicIntPanel:101 - NVIC parent = com.st.microxplorer.plugins.ip.nvic.MultiNvicIntPanel[,0,0,0x0,invalid,layout=javax.swing.BoxLayout,alignmentX=0.0,alignmentY=0.0,border=,flags=9,maximumSize=,minimumSize=,preferredSize=]
2024-10-30 00:13:21,128 [INFO] ADCParametersView:116 -                Rank 1 : false
2024-10-30 00:13:21,129 [INFO] ADCParametersView:116 -                Rank 1 : false
2024-10-30 00:13:21,129 [INFO] ADCParametersView:116 -                Rank 1 : false
2024-10-30 00:13:21,129 [INFO] ADCParametersView:116 -                Rank 1 : false
2024-10-30 00:13:21,129 [INFO] ADCParametersView:116 -                Rank 1 : false
2024-10-30 00:13:21,129 [INFO] ADCParametersView:116 -                Rank 1 : false
2024-10-30 00:13:21,129 [INFO] ADCParametersView:116 -                Rank 1 : false
2024-10-30 00:13:21,129 [INFO] ADCParametersView:116 -                Rank 1 : false
2024-10-30 00:13:21,129 [INFO] ADCParametersView:116 -                Rank 1 : false
2024-10-30 00:13:21,129 [INFO] ADCParametersView:116 -                Rank 1 : false
2024-10-30 00:13:21,130 [INFO] ADCParametersView:116 -                Rank 1 : false
2024-10-30 00:13:21,130 [INFO] ADCParametersView:116 -                Rank 1 : false
2024-10-30 00:13:21,130 [INFO] ADCParametersView:116 -                Rank 1 : false
2024-10-30 00:13:21,130 [INFO] ADCParametersView:116 -                Rank 1 : false
2024-10-30 00:13:21,139 [INFO] ADCParametersView:116 -                Rank 1 : false
2024-10-30 00:13:21,154 [INFO] ADCParametersView:116 -                Rank 1 : false
2024-10-30 00:13:21,154 [INFO] ADCParametersView:116 -                Rank 1 : false
2024-10-30 00:13:21,154 [INFO] ADCParametersView:116 -                Rank 1 : false
2024-10-30 00:13:21,154 [INFO] ADCParametersView:116 -                Rank 1 : false
2024-10-30 00:13:21,154 [INFO] ADCParametersView:116 -                Rank 1 : false
2024-10-30 00:13:21,155 [INFO] ADCParametersView:116 -                Rank 1 : false
2024-10-30 00:13:21,155 [INFO] ADCParametersView:116 -                Rank 1 : false
2024-10-30 00:13:21,155 [INFO] ADCParametersView:116 -                Rank 1 : false
2024-10-30 00:13:21,155 [INFO] ADCParametersView:116 -                Rank 1 : false
2024-10-30 00:13:21,155 [INFO] ADCParametersView:116 -                Rank 1 : false
2024-10-30 00:13:21,155 [INFO] ADCParametersView:116 -                Rank 1 : false
2024-10-30 00:13:21,155 [INFO] ADCParametersView:116 -                Rank 1 : false
2024-10-30 00:13:21,155 [INFO] ADCParametersView:116 -                Rank 1 : false
2024-10-30 00:13:21,155 [INFO] ADCParametersView:116 -                Rank 1 : false
2024-10-30 00:13:21,164 [INFO] ADCParametersView:116 -                Rank 1 : false
2024-10-30 00:13:24,356 [INFO] ADCParametersView:116 -                Rank 1 : false
2024-10-30 00:13:24,356 [INFO] ADCParametersView:116 -                Rank 1 : false
2024-10-30 00:13:24,356 [INFO] ADCParametersView:116 -                Rank 1 : false
2024-10-30 00:13:24,356 [INFO] ADCParametersView:116 -                Rank 1 : false
2024-10-30 00:13:24,356 [INFO] ADCParametersView:116 -                Rank 1 : false
2024-10-30 00:13:24,356 [INFO] ADCParametersView:116 -                Rank 1 : false
2024-10-30 00:13:24,356 [INFO] ADCParametersView:116 -                Rank 1 : false
2024-10-30 00:13:24,356 [INFO] ADCParametersView:116 -                Rank 1 : false
2024-10-30 00:13:24,356 [INFO] ADCParametersView:116 -                Rank 1 : false
2024-10-30 00:13:24,356 [INFO] ADCParametersView:116 -                Rank 1 : false
2024-10-30 00:13:24,356 [INFO] ADCParametersView:116 -                Rank 1 : false
2024-10-30 00:13:24,356 [INFO] ADCParametersView:116 -                Rank 1 : false
2024-10-30 00:13:24,356 [INFO] ADCParametersView:116 -                Rank 1 : false
2024-10-30 00:13:24,356 [INFO] ADCParametersView:116 -                Rank 1 : false
2024-10-30 00:13:24,366 [INFO] ADCParametersView:116 -                Rank 1 : false
2024-10-30 00:13:24,377 [INFO] ADCParametersView:116 -                Rank 1 : false
2024-10-30 00:13:24,378 [INFO] ADCParametersView:116 -                Rank 1 : false
2024-10-30 00:13:24,378 [INFO] ADCParametersView:116 -                Rank 1 : false
2024-10-30 00:13:24,378 [INFO] ADCParametersView:116 -                Rank 1 : false
2024-10-30 00:13:24,378 [INFO] ADCParametersView:116 -                Rank 1 : false
2024-10-30 00:13:24,378 [INFO] ADCParametersView:116 -                Rank 1 : false
2024-10-30 00:13:24,378 [INFO] ADCParametersView:116 -                Rank 1 : false
2024-10-30 00:13:24,378 [INFO] ADCParametersView:116 -                Rank 1 : false
2024-10-30 00:13:24,378 [INFO] ADCParametersView:116 -                Rank 1 : false
2024-10-30 00:13:24,378 [INFO] ADCParametersView:116 -                Rank 1 : false
2024-10-30 00:13:24,378 [INFO] ADCParametersView:116 -                Rank 1 : false
2024-10-30 00:13:24,378 [INFO] ADCParametersView:116 -                Rank 1 : false
2024-10-30 00:13:24,378 [INFO] ADCParametersView:116 -                Rank 1 : false
2024-10-30 00:13:24,378 [INFO] ADCParametersView:116 -                Rank 1 : false
2024-10-30 00:13:24,386 [INFO] ADCParametersView:116 -                Rank 1 : false
2024-10-30 00:13:24,423 [INFO] ADCParametersView:116 -                Rank 1 : false
2024-10-30 00:13:24,424 [INFO] ADCParametersView:116 -                Rank 1 : false
2024-10-30 00:13:24,424 [INFO] ADCParametersView:116 -                Rank 1 : false
2024-10-30 00:13:24,424 [INFO] ADCParametersView:116 -                Rank 1 : false
2024-10-30 00:13:24,424 [INFO] ADCParametersView:116 -                Rank 1 : false
2024-10-30 00:13:24,424 [INFO] ADCParametersView:116 -                Rank 1 : false
2024-10-30 00:13:24,424 [INFO] ADCParametersView:116 -                Rank 1 : false
2024-10-30 00:13:24,424 [INFO] ADCParametersView:116 -                Rank 1 : false
2024-10-30 00:13:24,424 [INFO] ADCParametersView:116 -                Rank 1 : false
2024-10-30 00:13:24,424 [INFO] ADCParametersView:116 -                Rank 1 : false
2024-10-30 00:13:24,424 [INFO] ADCParametersView:116 -                Rank 1 : false
2024-10-30 00:13:24,424 [INFO] ADCParametersView:116 -                Rank 1 : false
2024-10-30 00:13:24,424 [INFO] ADCParametersView:116 -                Rank 1 : false
2024-10-30 00:13:24,424 [INFO] ADCParametersView:116 -                Rank 1 : false
2024-10-30 00:13:24,432 [INFO] ADCParametersView:116 -                Rank 1 : false
2024-10-30 00:13:24,443 [INFO] ADCParametersView:116 -                Rank 1 : false
2024-10-30 00:13:24,443 [INFO] ADCParametersView:116 -                Rank 1 : false
2024-10-30 00:13:24,443 [INFO] ADCParametersView:116 -                Rank 1 : false
2024-10-30 00:13:24,443 [INFO] ADCParametersView:116 -                Rank 1 : false
2024-10-30 00:13:24,443 [INFO] ADCParametersView:116 -                Rank 1 : false
2024-10-30 00:13:24,443 [INFO] ADCParametersView:116 -                Rank 1 : false
2024-10-30 00:13:24,443 [INFO] ADCParametersView:116 -                Rank 1 : false
2024-10-30 00:13:24,443 [INFO] ADCParametersView:116 -                Rank 1 : false
2024-10-30 00:13:24,443 [INFO] ADCParametersView:116 -                Rank 1 : false
2024-10-30 00:13:24,443 [INFO] ADCParametersView:116 -                Rank 1 : false
2024-10-30 00:13:24,443 [INFO] ADCParametersView:116 -                Rank 1 : false
2024-10-30 00:13:24,443 [INFO] ADCParametersView:116 -                Rank 1 : false
2024-10-30 00:13:24,443 [INFO] ADCParametersView:116 -                Rank 1 : false
2024-10-30 00:13:24,443 [INFO] ADCParametersView:116 -                Rank 1 : false
2024-10-30 00:13:24,451 [INFO] ADCParametersView:116 -                Rank 1 : false
2024-10-30 00:13:34,643 [INFO] UtilMem:75 - End SaveConfig() Used Memory: 470968848 Bytes (833617920)
2024-10-30 00:13:35,846 [INFO] UtilMem:75 - End SaveConfig() Used Memory: 491940368 Bytes (833617920)
2024-10-30 00:13:39,957 [INFO] UtilMem:75 - End SaveConfig() Used Memory: 570583568 Bytes (833617920)
2024-10-30 00:13:40,032 [INFO] ProjectBuilder:2320 - IP not ready for code generation: Clock
2024-10-30 00:13:42,240 [INFO] BlockDiagram:2766 - set Specific Code input for plugin: NVIC
2024-10-30 00:13:42,240 [INFO] BlockDiagram:2766 - set Specific Code input for plugin: TIM1_8
2024-10-30 00:13:42,240 [INFO] BlockDiagram:2766 - set Specific Code input for plugin: SYS
2024-10-30 00:13:42,240 [INFO] BlockDiagram:2766 - set Specific Code input for plugin: GPIO
2024-10-30 00:13:42,240 [INFO] BlockDiagram:2766 - set Specific Code input for plugin: ADC
2024-10-30 00:13:42,240 [INFO] BlockDiagram:2766 - set Specific Code input for plugin: RCC
2024-10-30 00:13:42,241 [INFO] CodeGenerator:807 - code generatio: config db path: C:\ST\STM32CubeIDE_1.16.1\STM32CubeIDE\plugins\com.st.stm32cube.common.mx_6.12.1.202409122256\\db\
2024-10-30 00:13:42,290 [INFO] CodeEngine:255 - oldGeneratedFile, C:\Users\Chellapandi\Desktop\ARUN\Software\STM32\AiDen_Technical_Round\Project_file\Project_file\MXTmpFiles\license.tmp_save
2024-10-30 00:13:42,340 [INFO] CodeEngine:279 - Generated code: C:\Users\Chellapandi\Desktop\ARUN\Software\STM32\AiDen_Technical_Round\Project_file\Project_file\MXTmpFiles\license.tmp
2024-10-30 00:13:42,351 [INFO] CodeEngine:255 - oldGeneratedFile, C:\Users\Chellapandi\Desktop\ARUN\Software\STM32\AiDen_Technical_Round\Project_file\Project_file\MXTmpFiles\gpio.tmp_save
2024-10-30 00:13:42,402 [INFO] CodeEngine:279 - Generated code: C:\Users\Chellapandi\Desktop\ARUN\Software\STM32\AiDen_Technical_Round\Project_file\Project_file\MXTmpFiles\gpio.tmp
2024-10-30 00:13:42,456 [INFO] CodeEngine:255 - oldGeneratedFile, C:\Users\Chellapandi\Desktop\ARUN\Software\STM32\AiDen_Technical_Round\Project_file\Project_file\Core\Src\stm32f4xx_it.c_save
2024-10-30 00:13:42,534 [INFO] CodeEngine:279 - Generated code: C:\Users\Chellapandi\Desktop\ARUN\Software\STM32\AiDen_Technical_Round\Project_file\Project_file\Core\Src\stm32f4xx_it.c
2024-10-30 00:13:42,539 [INFO] CodeEngine:255 - oldGeneratedFile, C:\Users\Chellapandi\Desktop\ARUN\Software\STM32\AiDen_Technical_Round\Project_file\Project_file\Core\Inc\stm32f4xx_it.h_save
2024-10-30 00:13:42,577 [INFO] CodeEngine:279 - Generated code: C:\Users\Chellapandi\Desktop\ARUN\Software\STM32\AiDen_Technical_Round\Project_file\Project_file\Core\Inc\stm32f4xx_it.h
2024-10-30 00:13:42,586 [INFO] CodeEngine:255 - oldGeneratedFile, C:\Users\Chellapandi\Desktop\ARUN\Software\STM32\AiDen_Technical_Round\Project_file\Project_file\Core\Src\stm32f4xx_hal_msp.c_save
2024-10-30 00:13:42,653 [INFO] CodeEngine:279 - Generated code: C:\Users\Chellapandi\Desktop\ARUN\Software\STM32\AiDen_Technical_Round\Project_file\Project_file\Core\Src\stm32f4xx_hal_msp.c
2024-10-30 00:13:42,658 [INFO] CodeEngine:255 - oldGeneratedFile, C:\Users\Chellapandi\Desktop\ARUN\Software\STM32\AiDen_Technical_Round\Project_file\Project_file\MXTmpFiles\system.tmp_save
2024-10-30 00:13:42,694 [INFO] CodeEngine:279 - Generated code: C:\Users\Chellapandi\Desktop\ARUN\Software\STM32\AiDen_Technical_Round\Project_file\Project_file\MXTmpFiles\system.tmp
2024-10-30 00:13:42,703 [INFO] CodeEngine:311 - oldGeneratedFile, C:\Users\Chellapandi\Desktop\ARUN\Software\STM32\AiDen_Technical_Round\Project_file\Project_file\Core\Inc\stm32f4xx_hal_conf.h_save
2024-10-30 00:13:42,747 [INFO] CodeEngine:335 - Generated code: C:\Users\Chellapandi\Desktop\ARUN\Software\STM32\AiDen_Technical_Round\Project_file\Project_file\Core\Inc\stm32f4xx_hal_conf.h
2024-10-30 00:13:42,756 [WARN] IPConfigManager:3554 - IP not found : TIM
2024-10-30 00:13:42,757 [WARN] CodeGenerator:4002 - IP not found : null
2024-10-30 00:13:42,764 [INFO] CodeEngine:255 - oldGeneratedFile, C:\Users\Chellapandi\Desktop\ARUN\Software\STM32\AiDen_Technical_Round\Project_file\Project_file\Core\Inc\main.h_save
2024-10-30 00:13:42,812 [INFO] CodeEngine:279 - Generated code: C:\Users\Chellapandi\Desktop\ARUN\Software\STM32\AiDen_Technical_Round\Project_file\Project_file\Core\Inc\main.h
2024-10-30 00:13:42,817 [INFO] CodeEngine:255 - oldGeneratedFile, C:\Users\Chellapandi\Desktop\ARUN\Software\STM32\AiDen_Technical_Round\Project_file\Project_file\Core\Src\main.c_save
2024-10-30 00:13:42,878 [INFO] CodeEngine:279 - Generated code: C:\Users\Chellapandi\Desktop\ARUN\Software\STM32\AiDen_Technical_Round\Project_file\Project_file\Core\Src\main.c
2024-10-30 00:13:43,155 [INFO] ProjectBuilder:3249 - Time for Copy HAL[1] : 152mS.
2024-10-30 00:13:43,157 [INFO] ProjectBuilder:4828 - Project Generator version: 4.5.0-B34
2024-10-30 00:13:43,202 [INFO] ConfigFileManager:1531 - The Die is : DIE431
2024-10-30 00:13:43,602 [INFO] ProjectBuilder:5097 - Time for Generating toolchain IDE Files: 445mS.
2024-10-30 00:13:43,603 [INFO] ProjectBuilder:3107 - Time for Copy CMSIS : 0mS.
2024-10-30 00:13:43,605 [INFO] ProjectBuilder:3107 - Time for Copy CMSIS : 0mS.
